<?xml version="1.0" encoding="UTF-8"?>
<!-- Generated by org.testng.reporters.JUnitReportReporter -->
<testsuite skipped="0" hostname="DESKTOP-OK4RITK" name="window.WindowHandleTest" tests="1" failures="0" timestamp="08 Jul 2018 07:10:43 GMT" time="9.792" errors="0">
  <testcase name="windowHandle" time="9.792" classname="window.WindowHandleTest"/>
</testsuite> <!-- window.WindowHandleTest -->
